<?xml version="1.0" encoding="utf-8"?><testsuites name="pytest tests"><testsuite name="pytest" errors="0" failures="0" skipped="0" tests="10" time="3.034" timestamp="2026-04-12T06:24:47.796894+00:00" hostname="agent-env-e257d0be-99ea-418f-8fb8-b39d308bb2e3"><testcase classname="backend.tests.test_currency_categories.TestCategoriesAPI" name="test_get_categories" time="0.167" /><testcase classname="backend.tests.test_currency_categories.TestCategoriesAPI" name="test_admin_create_category" time="0.474" /><testcase classname="backend.tests.test_currency_categories.TestCategoriesAPI" name="test_admin_delete_category" time="0.461" /><testcase classname="backend.tests.test_currency_categories.TestCategoriesAPI" name="test_unauthorized_create_category" time="0.101" /><testcase classname="backend.tests.test_currency_categories.TestProductsAPI" name="test_get_products_with_prices" time="0.100" /><testcase classname="backend.tests.test_currency_categories.TestProductsAPI" name="test_get_product_detail_with_price" time="0.240" /><testcase classname="backend.tests.test_currency_categories.TestAdminDashboard" name="test_admin_stats_revenue" time="0.386" /><testcase classname="backend.tests.test_currency_categories.TestOrdersAPI" name="test_admin_orders_with_totals" time="0.368" /><testcase classname="backend.tests.test_currency_categories.TestAuthAPI" name="test_admin_login" time="0.365" /><testcase classname="backend.tests.test_currency_categories.TestAuthAPI" name="test_invalid_login" time="0.293" /></testsuite></testsuites>